current directory: /home/vagrant/workspace/portfolio/re_bookers2/vender/bundle/ruby/2.6.0/gems/bcrypt-3.1.16/ext/mri
/home/vagrant/.rbenv/versions/2.6.6/bin/ruby -I /home/vagrant/.rbenv/versions/2.6.6/lib/ruby/2.6.0 -r ./siteconf20210402-7259-1yfh73x.rb extconf.rb
creating Makefile

current directory: /home/vagrant/workspace/portfolio/re_bookers2/vender/bundle/ruby/2.6.0/gems/bcrypt-3.1.16/ext/mri
make "DESTDIR=" clean
make: Warning: File `Makefile' has modification time 350 s in the future
make: 警告:  時刻のずれを検出. 不完全なビルド結果になるかもしれません.

current directory: /home/vagrant/workspace/portfolio/re_bookers2/vender/bundle/ruby/2.6.0/gems/bcrypt-3.1.16/ext/mri
make "DESTDIR="
make: Warning: File `Makefile' has modification time 350 s in the future
compiling bcrypt_ext.c
compiling crypt_blowfish.c
gcc  -D__SKIP_GNU -I/home/vagrant/.rbenv/versions/2.6.6/include     -c -o x86.o x86.S
compiling crypt_gensalt.c
compiling wrapper.c
wrapper.c:182:60: 警告: 仮引数リスト内で ‘struct crypt_data’ が宣言されています [デフォルトで有効]
 char *crypt_r(const char *key, const char *setting, struct crypt_data *data)
                                                            ^
wrapper.c:182:60: 警告: そのスコープはこの定義または宣言のみです。これは多分希望したものではないでしょう [デフォルトで有効]
cc1: 警告: 認識できないコマンドラインオプション "-Wno-tautological-compare" です [デフォルトで有効]
cc1: 警告: 認識できないコマンドラインオプション "-Wno-self-assign" です [デフォルトで有効]
cc1: 警告: 認識できないコマンドラインオプション "-Wno-parentheses-equality" です [デフォルトで有効]
cc1: 警告: 認識できないコマンドラインオプション "-Wno-constant-logical-operand" です [デフォルトで有効]
cc1: 警告: 認識できないコマンドラインオプション "-Wno-cast-function-type" です [デフォルトで有効]
linking shared-object bcrypt_ext.so
make: 警告:  時刻のずれを検出. 不完全なビルド結果になるかもしれません.

current directory: /home/vagrant/workspace/portfolio/re_bookers2/vender/bundle/ruby/2.6.0/gems/bcrypt-3.1.16/ext/mri
make "DESTDIR=" install
make: Warning: File `Makefile' has modification time 349 s in the future
/usr/bin/install -c -m 0755 bcrypt_ext.so ./.gem.20210402-7259-1iqntgy
make: 警告:  時刻のずれを検出. 不完全なビルド結果になるかもしれません.
