current directory: /home/vagrant/workspace/portfolio/re_bookers2/vender/bundle/ruby/2.6.0/gems/byebug-11.1.3/ext/byebug
/home/vagrant/.rbenv/versions/2.6.6/bin/ruby -I /home/vagrant/.rbenv/versions/2.6.6/lib/ruby/2.6.0 -r ./siteconf20210402-7259-qtd90g.rb extconf.rb
creating Makefile

current directory: /home/vagrant/workspace/portfolio/re_bookers2/vender/bundle/ruby/2.6.0/gems/byebug-11.1.3/ext/byebug
make "DESTDIR=" clean
make: Warning: File `Makefile' has modification time 350 s in the future
make: 警告:  時刻のずれを検出. 不完全なビルド結果になるかもしれません.

current directory: /home/vagrant/workspace/portfolio/re_bookers2/vender/bundle/ruby/2.6.0/gems/byebug-11.1.3/ext/byebug
make "DESTDIR="
make: Warning: File `Makefile' has modification time 350 s in the future
compiling breakpoint.c
compiling byebug.c
compiling context.c
compiling locker.c
compiling threads.c
linking shared-object byebug/byebug.so
make: 警告:  時刻のずれを検出. 不完全なビルド結果になるかもしれません.

current directory: /home/vagrant/workspace/portfolio/re_bookers2/vender/bundle/ruby/2.6.0/gems/byebug-11.1.3/ext/byebug
make "DESTDIR=" install
make: Warning: File `Makefile' has modification time 349 s in the future
/usr/bin/install -c -m 0755 byebug.so ./.gem.20210402-7259-vgi0vr/byebug
make: 警告:  時刻のずれを検出. 不完全なビルド結果になるかもしれません.
