current directory: /home/vagrant/workspace/portfolio/re_bookers2/vender/bundle/ruby/2.6.0/gems/unf_ext-0.0.7.7/ext/unf_ext
/home/vagrant/.rbenv/versions/2.6.6/bin/ruby -I /home/vagrant/.rbenv/versions/2.6.6/lib/ruby/2.6.0 -r ./siteconf20210402-7259-fbp57m.rb extconf.rb
checking for -lstdc++... yes
creating Makefile

current directory: /home/vagrant/workspace/portfolio/re_bookers2/vender/bundle/ruby/2.6.0/gems/unf_ext-0.0.7.7/ext/unf_ext
make "DESTDIR=" clean
make: Warning: File `Makefile' has modification time 350 s in the future
make: 警告:  時刻のずれを検出. 不完全なビルド結果になるかもしれません.

current directory: /home/vagrant/workspace/portfolio/re_bookers2/vender/bundle/ruby/2.6.0/gems/unf_ext-0.0.7.7/ext/unf_ext
make "DESTDIR="
make: Warning: File `Makefile' has modification time 350 s in the future
compiling unf.cc
cc1plus: 警告: コマンドラインオプション ‘-Wdeclaration-after-statement’ は C/ObjC 用としては有効ですが、C++ 用としては有効ではありません [デフォルトで有効]
cc1plus: 警告: コマンドラインオプション ‘-Wimplicit-function-declaration’ は C/ObjC 用としては有効ですが、C++ 用としては有効ではありません [デフォルトで有効]
cc1plus: 警告: コマンドラインオプション ‘-Wimplicit-int’ は C/ObjC 用としては有効ですが、C++ 用としては有効ではありません [デフォルトで有効]
cc1plus: 警告: 認識できないコマンドラインオプション "-Wno-tautological-compare" です [デフォルトで有効]
cc1plus: 警告: 認識できないコマンドラインオプション "-Wno-self-assign" です [デフォルトで有効]
cc1plus: 警告: 認識できないコマンドラインオプション "-Wno-parentheses-equality" です [デフォルトで有効]
cc1plus: 警告: 認識できないコマンドラインオプション "-Wno-constant-logical-operand" です [デフォルトで有効]
cc1plus: 警告: 認識できないコマンドラインオプション "-Wno-cast-function-type" です [デフォルトで有効]
linking shared-object unf_ext.so
make: 警告:  時刻のずれを検出. 不完全なビルド結果になるかもしれません.

current directory: /home/vagrant/workspace/portfolio/re_bookers2/vender/bundle/ruby/2.6.0/gems/unf_ext-0.0.7.7/ext/unf_ext
make "DESTDIR=" install
make: Warning: File `Makefile' has modification time 345 s in the future
/usr/bin/install -c -m 0755 unf_ext.so ./.gem.20210402-7259-p8a2p6
make: 警告:  時刻のずれを検出. 不完全なビルド結果になるかもしれません.
